[NX v22.6.1 Daemon Client] - 2026-03-26T02:11:49.048Z - [Client] Starting new daemon server in background
[NX v22.6.1 Daemon Client] - 2026-03-26T02:11:49.049Z - [Client] Waiting for server (max: 6000 attempts, 10ms interval)
[NX v22.6.1 Daemon Server] - 2026-03-26T02:11:49.188Z - New daemon starting from: /Users/michael/Development/mantle/node_modules/nx/src/daemon/server/server.js
[NX v22.6.1 Daemon Server] - 2026-03-26T02:11:49.189Z - New daemon __dirname: /Users/michael/Development/mantle/node_modules/nx/src/daemon/server
[NX v22.6.1 Daemon Server] - 2026-03-26T02:11:49.189Z - New daemon nxVersion: 22.6.1
[NX v22.6.1 Daemon Server] - 2026-03-26T02:11:49.189Z - New daemon getInstalledNxVersion(): 22.6.1
[NX v22.6.1 Daemon Server] - 2026-03-26T02:11:49.190Z - Time taken for 'workspace context init' 3.8981250000000074ms
[NX v22.6.1 Daemon Server] - 2026-03-26T02:11:49.191Z - [Server] Starting outdated check interval (20ms)
[NX v22.6.1 Daemon Server] - 2026-03-26T02:11:49.192Z - Started listening on: /private/var/folders/wl/k4ckm7q14z56m12kkr2j0r100000gn/T/6e1323ceadddeadc9083/d.sock
[NX v22.6.1 Daemon Server] - 2026-03-26T02:11:49.194Z - [WATCHER]: Subscribed to changes within: /Users/michael/Development/mantle (native)
[NX v22.6.1 Daemon Client] - 2026-03-26T02:11:49.195Z - [Client] Server available after 13 attempts
[NX v22.6.1 Daemon Client] - 2026-03-26T02:11:49.195Z - [Client] Daemon server started, pid=33315
[NX v22.6.1 Daemon Server] - 2026-03-26T02:11:49.195Z - [LATEST-NX]: Pulling latest Nx...
[NX v22.6.1 Daemon Client] - 2026-03-26T02:11:49.195Z - [Messenger] Setting up socket listeners
[NX v22.6.1 Daemon Client] - 2026-03-26T02:11:49.195Z - [Messenger] listen() complete
[NX v22.6.1 Daemon Client] - 2026-03-26T02:11:49.195Z - [Messenger] Sending message type: REQUEST_PROJECT_GRAPH
[NX v22.6.1 Daemon Client] - 2026-03-26T02:11:49.196Z - [Messenger] Message sent
Fetching nx...
[NX v22.6.1 Daemon Server] - 2026-03-26T02:11:49.223Z - [AI-AGENTS]: Starting agent configuration status computation
[NX v22.6.1 Daemon Server] - 2026-03-26T02:11:49.224Z - Established a connection. Number of open connections: 1
[NX v22.6.1 Daemon Server] - 2026-03-26T02:11:49.225Z - Established a connection. Number of open connections: 2
[NX v22.6.1 Daemon Server] - 2026-03-26T02:11:49.225Z - Closed a connection. Number of open connections: 1
[NX v22.6.1 Daemon Server] - 2026-03-26T02:11:49.226Z - Received raw message of length 32
[NX v22.6.1 Daemon Server] - 2026-03-26T02:11:49.226Z - Received json message of type REQUEST_PROJECT_GRAPH
[NX v22.6.1 Daemon Server] - 2026-03-26T02:11:49.226Z - [REQUEST]: Client Request for Project Graph Received
[NX v22.6.1 Daemon Server] - 2026-03-26T02:11:49.228Z - Time taken for 'loadSpecifiedNxPlugins' 1.6364169999999945ms
[NX v22.6.1 Daemon Server] - 2026-03-26T02:11:49.358Z - [LATEST-NX]: Successfully pulled latest Nx to /private/var/folders/wl/k4ckm7q14z56m12kkr2j0r100000gn/T/tmp-33315-Mmt49CctpL2U
[NX v22.6.1 Daemon Server] - 2026-03-26T02:11:49.455Z - [NX-CONSOLE]: Using local implementation (NX_USE_LOCAL=true or inner call)
DEBUG nx::native::ide::install: Detected editor: Unknown
Time taken for 'plugin worker 33323 code loading' 86.087916ms
Time taken for 'plugin worker 33322 code loading' 86.63387499999999ms
Time taken for 'plugin worker 33321 code loading' 86.798ms
[NX v22.6.1 Daemon Server] - 2026-03-26T02:11:49.456Z - [NX-CONSOLE]: Console status check completed, shouldPrompt: false
[NX v22.6.1 Daemon Server] - 2026-03-26T02:11:49.456Z - Time taken for 'start-plugin-worker:/Users/michael/Development/mantle/node_modules/nx/src/plugins/js' 229.133625ms
[NX v22.6.1 Daemon Server] - 2026-03-26T02:11:49.456Z - Time taken for 'start-plugin-worker:/Users/michael/Development/mantle/node_modules/nx/src/plugins/package-json' 228.813667ms
[NX v22.6.1 Daemon Server] - 2026-03-26T02:11:49.456Z - Time taken for 'start-plugin-worker:/Users/michael/Development/mantle/node_modules/nx/src/plugins/project-json/build-nodes/project-json' 228.41254199999997ms
[NX v22.6.1 Daemon Server] - 2026-03-26T02:11:49.458Z - Time taken for 'Load Nx Plugin: /Users/michael/Development/mantle/node_modules/nx/src/plugins/project-json/build-nodes/project-json' 231.2565ms
[NX v22.6.1 Daemon Server] - 2026-03-26T02:11:49.459Z - Time taken for 'Load Nx Plugin: /Users/michael/Development/mantle/node_modules/nx/src/plugins/package-json' 232.09191600000003ms
[NX v22.6.1 Daemon Server] - 2026-03-26T02:11:49.464Z - [REQUEST]: Updated workspace context based on watched changes, recomputing project graph...
[NX v22.6.1 Daemon Server] - 2026-03-26T02:11:49.464Z - [REQUEST]: 
[NX v22.6.1 Daemon Server] - 2026-03-26T02:11:49.464Z - [REQUEST]: 
[NX v22.6.1 Daemon Server] - 2026-03-26T02:11:49.465Z - No files changed, but no in-memory cached project graph found. Recomputing it...
[NX v22.6.1 Daemon Server] - 2026-03-26T02:11:49.467Z - Time taken for 'loadDefaultNxPlugins' 237.449792ms
[NX v22.6.1 Daemon Server] - 2026-03-26T02:11:49.467Z - Time taken for 'Load Nx Plugin: /Users/michael/Development/mantle/node_modules/nx/src/plugins/js' 237.37004100000001ms
[NX v22.6.1 Daemon Server] - 2026-03-26T02:11:49.467Z - Time taken for 'hash changed files from watcher' 0.26308300000005147ms
Time taken for 'nx/js/dependencies-and-lockfile:createNodes' 4.768166000000008ms
[NX v22.6.1 Daemon Server] - 2026-03-26T02:11:49.486Z - Time taken for 'build-project-configs' 10.726042000000007ms
[NX v22.6.1 Daemon Server] - 2026-03-26T02:11:49.486Z - Time taken for 'createNodes:merge' 2.2913749999999595ms
[NX v22.6.1 Daemon Server] - 2026-03-26T02:11:49.486Z - Time taken for 'native-file-deps' 0.00304199999999355ms
[NX v22.6.1 Daemon Server] - 2026-03-26T02:11:49.486Z - Time taken for 'get-workspace-files' 0.41041699999999537ms
[NX v22.6.1 Daemon Server] - 2026-03-26T02:11:49.486Z - Time taken for 'get-all-workspace-files' 0.12358400000005076ms
[NX v22.6.1 Daemon Server] - 2026-03-26T02:11:49.486Z - Time taken for 'read cache' 0.04970900000000711ms
Time taken for 'build typescript dependencies' 4.035166000000004ms
[NX v22.6.1 Daemon Server] - 2026-03-26T02:11:49.497Z - [SYNC]: collect registered sync generators
[NX v22.6.1 Daemon Server] - 2026-03-26T02:11:49.498Z - Wrote project graph cache to /Users/michael/Development/mantle/.nx/workspace-data/project-graph.json
[NX v22.6.1 Daemon Server] - 2026-03-26T02:11:49.498Z - Serializing response for REQUEST_PROJECT_GRAPH message in json mode
[NX v22.6.1 Daemon Server] - 2026-03-26T02:11:49.498Z - Responding to REQUEST_PROJECT_GRAPH message
[NX v22.6.1 Daemon Server] - 2026-03-26T02:11:49.498Z - [REQUEST]: Responding to the client. project-graph
[NX v22.6.1 Daemon Server] - 2026-03-26T02:11:49.498Z - Time taken for 'total for creating and serializing project graph' 272.56125ms
[NX v22.6.1 Daemon Server] - 2026-03-26T02:11:49.498Z - Time taken for 'total execution time for createProjectGraph()' 13.203958ms
[NX v22.6.1 Daemon Server] - 2026-03-26T02:11:49.498Z - Time taken for 'createDependencies' 11.588583000000028ms
[NX v22.6.1 Daemon Server] - 2026-03-26T02:11:49.498Z - Time taken for 'nx/js/dependencies-and-lockfile:createDependencies' 11.51641699999999ms
[NX v22.6.1 Daemon Server] - 2026-03-26T02:11:49.499Z - Time taken for 'createMetadata' 0.01504099999999653ms
[NX v22.6.1 Daemon Server] - 2026-03-26T02:11:49.499Z - Time taken for 'serialize graph' 0.1791249999999991ms
[NX v22.6.1 Daemon Server] - 2026-03-26T02:11:49.499Z - Time taken for 'write cache' 0.8304580000000215ms
[NX v22.6.1 Daemon Server] - 2026-03-26T02:11:49.499Z - Done responding to the client project-graph
[NX v22.6.1 Daemon Server] - 2026-03-26T02:11:49.499Z - Handled json message REQUEST_PROJECT_GRAPH. Handling time: 272. Response time: 1.
[NX v22.6.1 Daemon Client] - 2026-03-26T02:11:49.499Z - [Messenger] Received message, length: 85974
[NX v22.6.1 Daemon Client] - 2026-03-26T02:11:49.501Z - [Messenger] Sending message type: PRE_TASKS_EXECUTION
[NX v22.6.1 Daemon Client] - 2026-03-26T02:11:49.501Z - [Messenger] Message sent
[NX v22.6.1 Daemon Server] - 2026-03-26T02:11:49.501Z - Received raw message of length 636
[NX v22.6.1 Daemon Server] - 2026-03-26T02:11:49.501Z - Received json message of type PRE_TASKS_EXECUTION
[NX v22.6.1 Daemon Server] - 2026-03-26T02:11:49.502Z - Serializing response for PRE_TASKS_EXECUTION message in json mode
[NX v22.6.1 Daemon Server] - 2026-03-26T02:11:49.502Z - Responding to PRE_TASKS_EXECUTION message
[NX v22.6.1 Daemon Server] - 2026-03-26T02:11:49.502Z - [REQUEST]: Responding to the client. handleRunPreTasksExecution
[NX v22.6.1 Daemon Server] - 2026-03-26T02:11:49.502Z - Done responding to the client handleRunPreTasksExecution
[NX v22.6.1 Daemon Server] - 2026-03-26T02:11:49.502Z - Handled json message PRE_TASKS_EXECUTION. Handling time: 0. Response time: 1.
[NX v22.6.1 Daemon Server] - 2026-03-26T02:11:49.502Z - Time taken for 'preTasksExecution' 0.35104200000000674ms
[NX v22.6.1 Daemon Client] - 2026-03-26T02:11:49.502Z - [Messenger] Received message, length: 2
[NX v22.6.1 Daemon Client] - 2026-03-26T02:11:49.537Z - [Messenger] Sending message type: HASH_TASKS
[NX v22.6.1 Daemon Client] - 2026-03-26T02:11:49.537Z - [Messenger] Message sent
[NX v22.6.1 Daemon Server] - 2026-03-26T02:11:49.537Z - Received raw message of length 5109
[NX v22.6.1 Daemon Server] - 2026-03-26T02:11:49.537Z - Received json message of type HASH_TASKS
[NX v22.6.1 Daemon Server] - 2026-03-26T02:11:49.537Z - Reusing in-memory cached project graph because no files changed.
DEBUG nx::native::tasks::hash_planner: get_plans_internal COMPLETED in 90.958µs - processed 1 tasks (setup: 57.833µs, parallel_planning: 31.417µs)
DEBUG nx::native::tasks::hashers::hash_workspace_files: Hashing workspace fileset with inputs: Adding "14342051801509693361" (".gitignore") to hash
DEBUG nx::native::tasks::hashers::hash_workspace_files: Hashing workspace fileset with inputs: Adding "1934198639429421327" ("nx.json") to hash
DEBUG nx::native::tasks::hashers::hash_workspace_files: Hashing workspace fileset with inputs: Hash Value: "4597908619324474778"
DEBUG nx::native::tasks::task_hasher: hash_plans COMPLETED in 618.583µs - processed 1 plans (setup: 209.458µs, hashing: 407.959µs, assembly: 13.833µs)
[NX v22.6.1 Daemon Server] - 2026-03-26T02:11:49.539Z - Serializing response for HASH_TASKS message in json mode
[NX v22.6.1 Daemon Server] - 2026-03-26T02:11:49.539Z - Responding to HASH_TASKS message
[NX v22.6.1 Daemon Server] - 2026-03-26T02:11:49.539Z - [REQUEST]: Responding to the client. handleHashTasks
[NX v22.6.1 Daemon Server] - 2026-03-26T02:11:49.539Z - Done responding to the client handleHashTasks
[NX v22.6.1 Daemon Server] - 2026-03-26T02:11:49.539Z - Handled json message HASH_TASKS. Handling time: 2. Response time: 0.
[NX v22.6.1 Daemon Client] - 2026-03-26T02:11:49.539Z - [Messenger] Received message, length: 608
[NX v22.6.1 Daemon Client] - 2026-03-26T02:11:49.676Z - [Messenger] Sending message type: GET_ESTIMATED_TASK_TIMINGS
[NX v22.6.1 Daemon Client] - 2026-03-26T02:11:49.677Z - [Messenger] Message sent
[NX v22.6.1 Daemon Server] - 2026-03-26T02:11:49.677Z - Received raw message of length 87
[NX v22.6.1 Daemon Server] - 2026-03-26T02:11:49.677Z - Received json message of type GET_ESTIMATED_TASK_TIMINGS
[NX v22.6.1 Daemon Server] - 2026-03-26T02:11:49.696Z - Serializing response for GET_ESTIMATED_TASK_TIMINGS message in json mode
[NX v22.6.1 Daemon Server] - 2026-03-26T02:11:49.696Z - Responding to GET_ESTIMATED_TASK_TIMINGS message
[NX v22.6.1 Daemon Server] - 2026-03-26T02:11:49.696Z - [REQUEST]: Responding to the client. handleGetEstimatedTaskTimings
[NX v22.6.1 Daemon Server] - 2026-03-26T02:11:49.696Z - Done responding to the client handleGetEstimatedTaskTimings
[NX v22.6.1 Daemon Server] - 2026-03-26T02:11:49.696Z - Handled json message GET_ESTIMATED_TASK_TIMINGS. Handling time: 19. Response time: 0.
[NX v22.6.1 Daemon Client] - 2026-03-26T02:11:49.696Z - [Messenger] Received message, length: 2
DEBUG nx::native::ide::install: Editor command 'code' is installed
DEBUG nx::native::ide::install: Editor command 'code-insiders' not found
DEBUG nx::native::ide::install: Checking if Nx Console extension is installed with: code --list-extensions
DEBUG nx::native::ide::install: Nx Console extension is installed
DEBUG nx::native::ide::install: Editor command 'cursor' not found
DEBUG nx::native::ide::install: Checking if Nx Console extension is installed with: cursor --list-extensions
DEBUG nx::native::ide::install: Command 'cursor' not found, cannot check extension status
[NX v22.6.1 Daemon Server] - 2026-03-26T02:11:50.281Z - [AI-AGENTS]: Agent configuration status computation completed: 0 fully configured, 0 outdated, 2 partially configured, 3 non-configured
[NX v22.6.1 Daemon Client] - 2026-03-26T02:11:55.907Z - [Messenger] Sending message type: RECORD_OUTPUTS_HASH
[NX v22.6.1 Daemon Client] - 2026-03-26T02:11:55.907Z - [Messenger] Message sent
[NX v22.6.1 Daemon Server] - 2026-03-26T02:11:55.908Z - Received raw message of length 175
[NX v22.6.1 Daemon Server] - 2026-03-26T02:11:55.908Z - Received json message of type RECORD_OUTPUTS_HASH
[NX v22.6.1 Daemon Server] - 2026-03-26T02:11:55.908Z - Serializing response for RECORD_OUTPUTS_HASH message in json mode
[NX v22.6.1 Daemon Server] - 2026-03-26T02:11:55.908Z - Responding to RECORD_OUTPUTS_HASH message
[NX v22.6.1 Daemon Server] - 2026-03-26T02:11:55.908Z - [REQUEST]: Responding to the client. recordOutputsHash
[NX v22.6.1 Daemon Server] - 2026-03-26T02:11:55.908Z - Done responding to the client recordOutputsHash
[NX v22.6.1 Daemon Server] - 2026-03-26T02:11:55.908Z - Handled json message RECORD_OUTPUTS_HASH. Handling time: 0. Response time: 0.
[NX v22.6.1 Daemon Client] - 2026-03-26T02:11:55.908Z - [Messenger] Received message, length: 2
[NX v22.6.1 Daemon Client] - 2026-03-26T02:11:55.910Z - [Messenger] Sending message type: RECORD_TASK_RUNS
[NX v22.6.1 Daemon Client] - 2026-03-26T02:11:55.910Z - [Messenger] Message sent
[NX v22.6.1 Daemon Server] - 2026-03-26T02:11:55.910Z - Received raw message of length 205
[NX v22.6.1 Daemon Server] - 2026-03-26T02:11:55.910Z - Received json message of type RECORD_TASK_RUNS
[NX v22.6.1 Daemon Server] - 2026-03-26T02:11:55.911Z - Serializing response for RECORD_TASK_RUNS message in json mode
[NX v22.6.1 Daemon Server] - 2026-03-26T02:11:55.911Z - Responding to RECORD_TASK_RUNS message
[NX v22.6.1 Daemon Server] - 2026-03-26T02:11:55.911Z - [REQUEST]: Responding to the client. handleRecordTaskRuns
[NX v22.6.1 Daemon Server] - 2026-03-26T02:11:55.911Z - Done responding to the client handleRecordTaskRuns
[NX v22.6.1 Daemon Server] - 2026-03-26T02:11:55.911Z - Handled json message RECORD_TASK_RUNS. Handling time: 1. Response time: 0.
[NX v22.6.1 Daemon Client] - 2026-03-26T02:11:55.911Z - [Messenger] Received message, length: 4
[NX v22.6.1 Daemon Client] - 2026-03-26T02:11:55.911Z - [Messenger] Sending message type: GET_FLAKY_TASKS
[NX v22.6.1 Daemon Client] - 2026-03-26T02:11:55.911Z - [Messenger] Message sent
[NX v22.6.1 Daemon Server] - 2026-03-26T02:11:55.911Z - Received raw message of length 59
[NX v22.6.1 Daemon Server] - 2026-03-26T02:11:55.911Z - Received json message of type GET_FLAKY_TASKS
[NX v22.6.1 Daemon Server] - 2026-03-26T02:11:55.911Z - Serializing response for GET_FLAKY_TASKS message in json mode
[NX v22.6.1 Daemon Server] - 2026-03-26T02:11:55.911Z - Responding to GET_FLAKY_TASKS message
[NX v22.6.1 Daemon Server] - 2026-03-26T02:11:55.911Z - [REQUEST]: Responding to the client. handleGetFlakyTasks
[NX v22.6.1 Daemon Server] - 2026-03-26T02:11:55.911Z - Done responding to the client handleGetFlakyTasks
[NX v22.6.1 Daemon Server] - 2026-03-26T02:11:55.911Z - Handled json message GET_FLAKY_TASKS. Handling time: 0. Response time: 0.
[NX v22.6.1 Daemon Client] - 2026-03-26T02:11:55.911Z - [Messenger] Received message, length: 2
[NX v22.6.1 Daemon Server] - 2026-03-26T02:11:55.912Z - Established a connection. Number of open connections: 2
[NX v22.6.1 Daemon Client] - 2026-03-26T02:11:55.912Z - [Messenger] Sending message type: GET_CONFIGURE_AI_AGENTS_STATUS
[NX v22.6.1 Daemon Server] - 2026-03-26T02:11:55.912Z - Closed a connection. Number of open connections: 1
[NX v22.6.1 Daemon Server] - 2026-03-26T02:11:55.912Z - Received raw message of length 41
[NX v22.6.1 Daemon Client] - 2026-03-26T02:11:55.912Z - [Messenger] Message sent
[NX v22.6.1 Daemon Server] - 2026-03-26T02:11:55.912Z - Received json message of type GET_CONFIGURE_AI_AGENTS_STATUS
[NX v22.6.1 Daemon Server] - 2026-03-26T02:11:55.912Z - [AI-AGENTS]: Returning cached agent configuration status
[NX v22.6.1 Daemon Server] - 2026-03-26T02:11:55.912Z - Serializing response for GET_CONFIGURE_AI_AGENTS_STATUS message in json mode
[NX v22.6.1 Daemon Server] - 2026-03-26T02:11:55.912Z - Responding to GET_CONFIGURE_AI_AGENTS_STATUS message
[NX v22.6.1 Daemon Server] - 2026-03-26T02:11:55.912Z - [REQUEST]: Responding to the client. handleGetConfigureAiAgentsStatus
[NX v22.6.1 Daemon Server] - 2026-03-26T02:11:55.912Z - Done responding to the client handleGetConfigureAiAgentsStatus
[NX v22.6.1 Daemon Server] - 2026-03-26T02:11:55.912Z - Handled json message GET_CONFIGURE_AI_AGENTS_STATUS. Handling time: 0. Response time: 0.
[NX v22.6.1 Daemon Client] - 2026-03-26T02:11:55.912Z - [Messenger] Received message, length: 341
[NX v22.6.1 Daemon Client] - 2026-03-26T02:11:55.913Z - [Messenger] Sending message type: POST_TASKS_EXECUTION
[NX v22.6.1 Daemon Client] - 2026-03-26T02:11:55.913Z - [Messenger] Message sent
[NX v22.6.1 Daemon Server] - 2026-03-26T02:11:55.913Z - Received raw message of length 1693
[NX v22.6.1 Daemon Server] - 2026-03-26T02:11:55.913Z - Received json message of type POST_TASKS_EXECUTION
[NX v22.6.1 Daemon Server] - 2026-03-26T02:11:55.913Z - Serializing response for POST_TASKS_EXECUTION message in json mode
[NX v22.6.1 Daemon Server] - 2026-03-26T02:11:55.913Z - Responding to POST_TASKS_EXECUTION message
[NX v22.6.1 Daemon Server] - 2026-03-26T02:11:55.913Z - [REQUEST]: Responding to the client. handleRunPostTasksExecution
[NX v22.6.1 Daemon Server] - 2026-03-26T02:11:55.913Z - Done responding to the client handleRunPostTasksExecution
[NX v22.6.1 Daemon Server] - 2026-03-26T02:11:55.913Z - Handled json message POST_TASKS_EXECUTION. Handling time: 0. Response time: 0.
[NX v22.6.1 Daemon Client] - 2026-03-26T02:11:55.913Z - [Messenger] Received message, length: 4
[NX v22.6.1 Daemon Server] - 2026-03-26T02:11:55.913Z - Time taken for 'postTasksExecution' 0.07674999999926513ms
[NX v22.6.1 Daemon Server] - 2026-03-26T02:11:55.920Z - Closed a connection. Number of open connections: 0
[NX v22.6.1 Daemon Server] - 2026-03-26T02:11:55.961Z - [WATCHER]: Processing file changes in outputs
[NX v22.6.1 Daemon Server] - 2026-03-26T02:11:55.961Z - [WATCHER]: 0 file(s) created or restored, 1 file(s) modified, 1 file(s) deleted
[NX v22.6.1 Daemon Server] - 2026-03-26T02:11:55.961Z - [SYNC]: clearing sync generators cache due to file changes
[NX v22.6.1 Daemon Server] - 2026-03-26T02:11:56.072Z - [REQUEST]: Updated workspace context based on watched changes, recomputing project graph...
[NX v22.6.1 Daemon Server] - 2026-03-26T02:11:56.072Z - [REQUEST]: packages/engine/mantle
[NX v22.6.1 Daemon Server] - 2026-03-26T02:11:56.072Z - [REQUEST]: packages/engine/mantle-go-tmp-umask
[NX v22.6.1 Daemon Server] - 2026-03-26T02:11:56.075Z - Time taken for 'hash changed files from watcher' 10.241374999999607ms
Time taken for 'plugin worker 33570 code loading' 84.06225ms
Time taken for 'plugin worker 33572 code loading' 84.60954100000001ms
Time taken for 'plugin worker 33571 code loading' 85.37049999999999ms
[NX v22.6.1 Daemon Server] - 2026-03-26T02:11:56.223Z - Time taken for 'start-plugin-worker:nx/js/dependencies-and-lockfile' 149.60908299999937ms
[NX v22.6.1 Daemon Server] - 2026-03-26T02:11:56.223Z - Time taken for 'start-plugin-worker:nx/core/package-json' 148.68445900000006ms
[NX v22.6.1 Daemon Server] - 2026-03-26T02:11:56.223Z - Time taken for 'start-plugin-worker:nx/core/project-json' 148.08200000000033ms
Time taken for 'nx/js/dependencies-and-lockfile:createNodes' 1.826833999999991ms
[NX v22.6.1 Daemon Server] - 2026-03-26T02:11:56.236Z - Time taken for 'build-project-configs' 162.11745900000005ms
[NX v22.6.1 Daemon Server] - 2026-03-26T02:11:56.236Z - Time taken for 'createNodes:merge' 0.31450000000040745ms
[NX v22.6.1 Daemon Server] - 2026-03-26T02:11:56.236Z - Time taken for 'get-all-workspace-files' 0.10620800000015151ms
Time taken for 'build typescript dependencies' 0.4210000000000207ms
[NX v22.6.1 Daemon Server] - 2026-03-26T02:11:56.239Z - [SYNC]: collect registered sync generators
[NX v22.6.1 Daemon Server] - 2026-03-26T02:11:56.239Z - [SYNC]: project graph hash is the same, not collecting task sync generators
[NX v22.6.1 Daemon Server] - 2026-03-26T02:11:56.239Z - [SYNC]: nx.json hash is the same, not collecting global sync generators
[NX v22.6.1 Daemon Server] - 2026-03-26T02:11:56.239Z - Time taken for 'total execution time for createProjectGraph()' 3.774000000000342ms
[NX v22.6.1 Daemon Server] - 2026-03-26T02:11:56.239Z - Time taken for 'createDependencies' 2.7481669999997393ms
[NX v22.6.1 Daemon Server] - 2026-03-26T02:11:56.239Z - Time taken for 'nx/js/dependencies-and-lockfile:createDependencies' 2.7154579999996713ms
[NX v22.6.1 Daemon Server] - 2026-03-26T02:11:56.239Z - Time taken for 'createMetadata' 0.011457999999947788ms
[NX v22.6.1 Daemon Server] - 2026-03-26T02:11:56.239Z - Time taken for 'serialize graph' 0.22191699999984849ms
[NX v22.6.1 Daemon Server] - 2026-03-26T02:12:02.644Z - Established a connection. Number of open connections: 1
[NX v22.6.1 Daemon Server] - 2026-03-26T02:12:02.647Z - Closed a connection. Number of open connections: 0
[NX v22.6.1 Daemon Server] - 2026-03-26T02:12:02.647Z - Established a connection. Number of open connections: 1
[NX v22.6.1 Daemon Server] - 2026-03-26T02:12:02.647Z - Closed a connection. Number of open connections: 0
[NX v22.6.1 Daemon Server] - 2026-03-26T02:12:02.647Z - Established a connection. Number of open connections: 1
[NX v22.6.1 Daemon Client] - 2026-03-26T02:12:02.647Z - [Messenger] Setting up socket listeners
[NX v22.6.1 Daemon Client] - 2026-03-26T02:12:02.648Z - [Messenger] listen() complete
[NX v22.6.1 Daemon Client] - 2026-03-26T02:12:02.649Z - [Messenger] Sending message type: GET_NX_CONSOLE_STATUS
[NX v22.6.1 Daemon Client] - 2026-03-26T02:12:02.649Z - [Messenger] Message sent
[NX v22.6.1 Daemon Server] - 2026-03-26T02:12:02.661Z - Received raw message of length 32
[NX v22.6.1 Daemon Server] - 2026-03-26T02:12:02.661Z - Received json message of type GET_NX_CONSOLE_STATUS
[NX v22.6.1 Daemon Server] - 2026-03-26T02:12:02.661Z - Serializing response for GET_NX_CONSOLE_STATUS message in json mode
[NX v22.6.1 Daemon Server] - 2026-03-26T02:12:02.661Z - Responding to GET_NX_CONSOLE_STATUS message
[NX v22.6.1 Daemon Server] - 2026-03-26T02:12:02.661Z - [REQUEST]: Responding to the client. handleGetNxConsoleStatus
[NX v22.6.1 Daemon Server] - 2026-03-26T02:12:02.661Z - Done responding to the client handleGetNxConsoleStatus
[NX v22.6.1 Daemon Server] - 2026-03-26T02:12:02.661Z - Handled json message GET_NX_CONSOLE_STATUS. Handling time: 0. Response time: 0.
[NX v22.6.1 Daemon Client] - 2026-03-26T02:12:02.661Z - [Messenger] Received message, length: 22
[NX v22.6.1 Daemon Client] - 2026-03-26T02:12:02.689Z - [Messenger] Sending message type: REQUEST_PROJECT_GRAPH
[NX v22.6.1 Daemon Client] - 2026-03-26T02:12:02.689Z - [Messenger] Message sent
[NX v22.6.1 Daemon Server] - 2026-03-26T02:12:02.689Z - Received raw message of length 32
[NX v22.6.1 Daemon Server] - 2026-03-26T02:12:02.689Z - Received json message of type REQUEST_PROJECT_GRAPH
[NX v22.6.1 Daemon Server] - 2026-03-26T02:12:02.689Z - [REQUEST]: Client Request for Project Graph Received
[NX v22.6.1 Daemon Server] - 2026-03-26T02:12:02.689Z - Reusing in-memory cached project graph because no files changed.
[NX v22.6.1 Daemon Server] - 2026-03-26T02:12:02.689Z - Serializing response for REQUEST_PROJECT_GRAPH message in json mode
[NX v22.6.1 Daemon Server] - 2026-03-26T02:12:02.689Z - Responding to REQUEST_PROJECT_GRAPH message
[NX v22.6.1 Daemon Server] - 2026-03-26T02:12:02.689Z - [REQUEST]: Responding to the client. project-graph
[NX v22.6.1 Daemon Server] - 2026-03-26T02:12:02.689Z - Time taken for 'total for creating and serializing project graph' 0.10662500000034925ms
[NX v22.6.1 Daemon Server] - 2026-03-26T02:12:02.689Z - Done responding to the client project-graph
[NX v22.6.1 Daemon Server] - 2026-03-26T02:12:02.689Z - Handled json message REQUEST_PROJECT_GRAPH. Handling time: 0. Response time: 0.
[NX v22.6.1 Daemon Client] - 2026-03-26T02:12:02.689Z - [Messenger] Received message, length: 85974
[NX v22.6.1 Daemon Client] - 2026-03-26T02:12:02.691Z - [Messenger] Sending message type: PRE_TASKS_EXECUTION
[NX v22.6.1 Daemon Client] - 2026-03-26T02:12:02.691Z - [Messenger] Message sent
[NX v22.6.1 Daemon Server] - 2026-03-26T02:12:02.691Z - Received raw message of length 633
[NX v22.6.1 Daemon Server] - 2026-03-26T02:12:02.691Z - Received json message of type PRE_TASKS_EXECUTION
[NX v22.6.1 Daemon Server] - 2026-03-26T02:12:02.691Z - Serializing response for PRE_TASKS_EXECUTION message in json mode
[NX v22.6.1 Daemon Server] - 2026-03-26T02:12:02.691Z - Responding to PRE_TASKS_EXECUTION message
[NX v22.6.1 Daemon Server] - 2026-03-26T02:12:02.691Z - [REQUEST]: Responding to the client. handleRunPreTasksExecution
[NX v22.6.1 Daemon Server] - 2026-03-26T02:12:02.691Z - Done responding to the client handleRunPreTasksExecution
[NX v22.6.1 Daemon Server] - 2026-03-26T02:12:02.691Z - Handled json message PRE_TASKS_EXECUTION. Handling time: 0. Response time: 0.
[NX v22.6.1 Daemon Server] - 2026-03-26T02:12:02.691Z - Time taken for 'preTasksExecution' 0.05099999999947613ms
[NX v22.6.1 Daemon Client] - 2026-03-26T02:12:02.691Z - [Messenger] Received message, length: 2
[NX v22.6.1 Daemon Client] - 2026-03-26T02:12:02.720Z - [Messenger] Sending message type: HASH_TASKS
[NX v22.6.1 Daemon Client] - 2026-03-26T02:12:02.720Z - [Messenger] Message sent
[NX v22.6.1 Daemon Server] - 2026-03-26T02:12:02.720Z - Received raw message of length 4912
[NX v22.6.1 Daemon Server] - 2026-03-26T02:12:02.720Z - Received json message of type HASH_TASKS
[NX v22.6.1 Daemon Server] - 2026-03-26T02:12:02.720Z - Reusing in-memory cached project graph because no files changed.
DEBUG nx::native::tasks::hash_planner: get_plans_internal COMPLETED in 68.25µs - processed 1 tasks (setup: 47.042µs, parallel_planning: 16.666µs)
DEBUG nx::native::tasks::hashers::hash_workspace_files: Hashing workspace fileset with inputs: Adding "14342051801509693361" (".gitignore") to hash
DEBUG nx::native::tasks::hashers::hash_workspace_files: Hashing workspace fileset with inputs: Adding "1934198639429421327" ("nx.json") to hash
DEBUG nx::native::tasks::hashers::hash_workspace_files: Hashing workspace fileset with inputs: Hash Value: "4597908619324474778"
DEBUG nx::native::tasks::task_hasher: hash_plans COMPLETED in 306.833µs - processed 1 plans (setup: 32.541µs, hashing: 273.708µs, assembly: 14.5µs)
[NX v22.6.1 Daemon Server] - 2026-03-26T02:12:02.722Z - Serializing response for HASH_TASKS message in json mode
[NX v22.6.1 Daemon Server] - 2026-03-26T02:12:02.722Z - Responding to HASH_TASKS message
[NX v22.6.1 Daemon Server] - 2026-03-26T02:12:02.722Z - [REQUEST]: Responding to the client. handleHashTasks
[NX v22.6.1 Daemon Server] - 2026-03-26T02:12:02.722Z - Done responding to the client handleHashTasks
[NX v22.6.1 Daemon Server] - 2026-03-26T02:12:02.722Z - Handled json message HASH_TASKS. Handling time: 2. Response time: 0.
[NX v22.6.1 Daemon Client] - 2026-03-26T02:12:02.722Z - [Messenger] Received message, length: 609
[NX v22.6.1 Daemon Client] - 2026-03-26T02:12:02.855Z - [Messenger] Sending message type: GET_ESTIMATED_TASK_TIMINGS
[NX v22.6.1 Daemon Client] - 2026-03-26T02:12:02.855Z - [Messenger] Message sent
[NX v22.6.1 Daemon Server] - 2026-03-26T02:12:02.855Z - Received raw message of length 86
[NX v22.6.1 Daemon Server] - 2026-03-26T02:12:02.855Z - Received json message of type GET_ESTIMATED_TASK_TIMINGS
[NX v22.6.1 Daemon Server] - 2026-03-26T02:12:02.856Z - Serializing response for GET_ESTIMATED_TASK_TIMINGS message in json mode
[NX v22.6.1 Daemon Server] - 2026-03-26T02:12:02.856Z - Responding to GET_ESTIMATED_TASK_TIMINGS message
[NX v22.6.1 Daemon Server] - 2026-03-26T02:12:02.856Z - [REQUEST]: Responding to the client. handleGetEstimatedTaskTimings
[NX v22.6.1 Daemon Server] - 2026-03-26T02:12:02.856Z - Done responding to the client handleGetEstimatedTaskTimings
[NX v22.6.1 Daemon Server] - 2026-03-26T02:12:02.856Z - Handled json message GET_ESTIMATED_TASK_TIMINGS. Handling time: 1. Response time: 0.
[NX v22.6.1 Daemon Client] - 2026-03-26T02:12:02.856Z - [Messenger] Received message, length: 2
[NX v22.6.1 Daemon Client] - 2026-03-26T02:13:33.205Z - [Messenger] Sending message type: RECORD_OUTPUTS_HASH
[NX v22.6.1 Daemon Client] - 2026-03-26T02:13:33.205Z - [Messenger] Message sent
[NX v22.6.1 Daemon Server] - 2026-03-26T02:13:33.205Z - Received raw message of length 81
[NX v22.6.1 Daemon Server] - 2026-03-26T02:13:33.206Z - Received json message of type RECORD_OUTPUTS_HASH
[NX v22.6.1 Daemon Server] - 2026-03-26T02:13:33.206Z - Serializing response for RECORD_OUTPUTS_HASH message in json mode
[NX v22.6.1 Daemon Server] - 2026-03-26T02:13:33.206Z - Responding to RECORD_OUTPUTS_HASH message
[NX v22.6.1 Daemon Server] - 2026-03-26T02:13:33.206Z - [REQUEST]: Responding to the client. recordOutputsHash
[NX v22.6.1 Daemon Server] - 2026-03-26T02:13:33.206Z - Done responding to the client recordOutputsHash
[NX v22.6.1 Daemon Server] - 2026-03-26T02:13:33.206Z - Handled json message RECORD_OUTPUTS_HASH. Handling time: 0. Response time: 0.
[NX v22.6.1 Daemon Client] - 2026-03-26T02:13:33.206Z - [Messenger] Received message, length: 2
[NX v22.6.1 Daemon Client] - 2026-03-26T02:13:33.207Z - [Messenger] Sending message type: RECORD_TASK_RUNS
[NX v22.6.1 Daemon Client] - 2026-03-26T02:13:33.207Z - [Messenger] Message sent
[NX v22.6.1 Daemon Server] - 2026-03-26T02:13:33.207Z - Received raw message of length 204
[NX v22.6.1 Daemon Server] - 2026-03-26T02:13:33.207Z - Received json message of type RECORD_TASK_RUNS
[NX v22.6.1 Daemon Server] - 2026-03-26T02:13:33.207Z - Serializing response for RECORD_TASK_RUNS message in json mode
[NX v22.6.1 Daemon Server] - 2026-03-26T02:13:33.207Z - Responding to RECORD_TASK_RUNS message
[NX v22.6.1 Daemon Server] - 2026-03-26T02:13:33.207Z - [REQUEST]: Responding to the client. handleRecordTaskRuns
[NX v22.6.1 Daemon Server] - 2026-03-26T02:13:33.207Z - Done responding to the client handleRecordTaskRuns
[NX v22.6.1 Daemon Server] - 2026-03-26T02:13:33.207Z - Handled json message RECORD_TASK_RUNS. Handling time: 0. Response time: 0.
[NX v22.6.1 Daemon Client] - 2026-03-26T02:13:33.207Z - [Messenger] Received message, length: 4
[NX v22.6.1 Daemon Client] - 2026-03-26T02:13:33.207Z - [Messenger] Sending message type: GET_FLAKY_TASKS
[NX v22.6.1 Daemon Client] - 2026-03-26T02:13:33.208Z - [Messenger] Message sent
[NX v22.6.1 Daemon Server] - 2026-03-26T02:13:33.208Z - Received raw message of length 59
[NX v22.6.1 Daemon Server] - 2026-03-26T02:13:33.208Z - Received json message of type GET_FLAKY_TASKS
[NX v22.6.1 Daemon Server] - 2026-03-26T02:13:33.208Z - Serializing response for GET_FLAKY_TASKS message in json mode
[NX v22.6.1 Daemon Server] - 2026-03-26T02:13:33.208Z - Responding to GET_FLAKY_TASKS message
[NX v22.6.1 Daemon Server] - 2026-03-26T02:13:33.208Z - [REQUEST]: Responding to the client. handleGetFlakyTasks
[NX v22.6.1 Daemon Server] - 2026-03-26T02:13:33.208Z - Done responding to the client handleGetFlakyTasks
[NX v22.6.1 Daemon Server] - 2026-03-26T02:13:33.208Z - Handled json message GET_FLAKY_TASKS. Handling time: 0. Response time: 0.
[NX v22.6.1 Daemon Client] - 2026-03-26T02:13:33.208Z - [Messenger] Received message, length: 2
[NX v22.6.1 Daemon Server] - 2026-03-26T02:13:33.208Z - Established a connection. Number of open connections: 2
[NX v22.6.1 Daemon Client] - 2026-03-26T02:13:33.208Z - [Messenger] Sending message type: GET_CONFIGURE_AI_AGENTS_STATUS
[NX v22.6.1 Daemon Client] - 2026-03-26T02:13:33.208Z - [Messenger] Message sent
[NX v22.6.1 Daemon Server] - 2026-03-26T02:13:33.208Z - Closed a connection. Number of open connections: 1
[NX v22.6.1 Daemon Server] - 2026-03-26T02:13:33.208Z - Received raw message of length 41
[NX v22.6.1 Daemon Server] - 2026-03-26T02:13:33.208Z - Received json message of type GET_CONFIGURE_AI_AGENTS_STATUS
[NX v22.6.1 Daemon Server] - 2026-03-26T02:13:33.208Z - [AI-AGENTS]: Returning cached agent configuration status
[NX v22.6.1 Daemon Server] - 2026-03-26T02:13:33.208Z - Serializing response for GET_CONFIGURE_AI_AGENTS_STATUS message in json mode
[NX v22.6.1 Daemon Server] - 2026-03-26T02:13:33.208Z - Responding to GET_CONFIGURE_AI_AGENTS_STATUS message
[NX v22.6.1 Daemon Server] - 2026-03-26T02:13:33.208Z - [REQUEST]: Responding to the client. handleGetConfigureAiAgentsStatus
[NX v22.6.1 Daemon Server] - 2026-03-26T02:13:33.208Z - Done responding to the client handleGetConfigureAiAgentsStatus
[NX v22.6.1 Daemon Server] - 2026-03-26T02:13:33.208Z - Handled json message GET_CONFIGURE_AI_AGENTS_STATUS. Handling time: 0. Response time: 0.
[NX v22.6.1 Daemon Client] - 2026-03-26T02:13:33.208Z - [Messenger] Received message, length: 341
[NX v22.6.1 Daemon Client] - 2026-03-26T02:13:33.210Z - [Messenger] Sending message type: POST_TASKS_EXECUTION
[NX v22.6.1 Daemon Client] - 2026-03-26T02:13:33.210Z - [Messenger] Message sent
[NX v22.6.1 Daemon Server] - 2026-03-26T02:13:33.211Z - Received raw message of length 14510
[NX v22.6.1 Daemon Server] - 2026-03-26T02:13:33.211Z - Received json message of type POST_TASKS_EXECUTION
[NX v22.6.1 Daemon Server] - 2026-03-26T02:13:33.211Z - Serializing response for POST_TASKS_EXECUTION message in json mode
[NX v22.6.1 Daemon Server] - 2026-03-26T02:13:33.211Z - Responding to POST_TASKS_EXECUTION message
[NX v22.6.1 Daemon Server] - 2026-03-26T02:13:33.211Z - [REQUEST]: Responding to the client. handleRunPostTasksExecution
[NX v22.6.1 Daemon Server] - 2026-03-26T02:13:33.211Z - Done responding to the client handleRunPostTasksExecution
[NX v22.6.1 Daemon Server] - 2026-03-26T02:13:33.211Z - Handled json message POST_TASKS_EXECUTION. Handling time: 0. Response time: 0.
[NX v22.6.1 Daemon Client] - 2026-03-26T02:13:33.211Z - [Messenger] Received message, length: 4
[NX v22.6.1 Daemon Server] - 2026-03-26T02:13:33.211Z - Time taken for 'postTasksExecution' 0.04662500000267755ms
[NX v22.6.1 Daemon Server] - 2026-03-26T02:13:33.216Z - Closed a connection. Number of open connections: 0
[NX v22.6.1 Daemon Server] - 2026-03-26T02:13:40.061Z - Established a connection. Number of open connections: 1
[NX v22.6.1 Daemon Server] - 2026-03-26T02:13:40.063Z - Closed a connection. Number of open connections: 0
[NX v22.6.1 Daemon Server] - 2026-03-26T02:13:40.064Z - Established a connection. Number of open connections: 1
[NX v22.6.1 Daemon Server] - 2026-03-26T02:13:40.064Z - Closed a connection. Number of open connections: 0
[NX v22.6.1 Daemon Server] - 2026-03-26T02:13:40.064Z - Established a connection. Number of open connections: 1
[NX v22.6.1 Daemon Client] - 2026-03-26T02:13:40.064Z - [Messenger] Setting up socket listeners
[NX v22.6.1 Daemon Client] - 2026-03-26T02:13:40.065Z - [Messenger] listen() complete
[NX v22.6.1 Daemon Client] - 2026-03-26T02:13:40.066Z - [Messenger] Sending message type: GET_NX_CONSOLE_STATUS
[NX v22.6.1 Daemon Client] - 2026-03-26T02:13:40.066Z - [Messenger] Message sent
[NX v22.6.1 Daemon Server] - 2026-03-26T02:13:40.078Z - Received raw message of length 32
[NX v22.6.1 Daemon Server] - 2026-03-26T02:13:40.078Z - Received json message of type GET_NX_CONSOLE_STATUS
[NX v22.6.1 Daemon Server] - 2026-03-26T02:13:40.078Z - Serializing response for GET_NX_CONSOLE_STATUS message in json mode
[NX v22.6.1 Daemon Server] - 2026-03-26T02:13:40.078Z - Responding to GET_NX_CONSOLE_STATUS message
[NX v22.6.1 Daemon Server] - 2026-03-26T02:13:40.078Z - [REQUEST]: Responding to the client. handleGetNxConsoleStatus
[NX v22.6.1 Daemon Server] - 2026-03-26T02:13:40.078Z - Done responding to the client handleGetNxConsoleStatus
[NX v22.6.1 Daemon Server] - 2026-03-26T02:13:40.078Z - Handled json message GET_NX_CONSOLE_STATUS. Handling time: 0. Response time: 0.
[NX v22.6.1 Daemon Client] - 2026-03-26T02:13:40.078Z - [Messenger] Received message, length: 22
[NX v22.6.1 Daemon Client] - 2026-03-26T02:13:40.108Z - [Messenger] Sending message type: REQUEST_PROJECT_GRAPH
[NX v22.6.1 Daemon Client] - 2026-03-26T02:13:40.108Z - [Messenger] Message sent
[NX v22.6.1 Daemon Server] - 2026-03-26T02:13:40.109Z - Received raw message of length 32
[NX v22.6.1 Daemon Server] - 2026-03-26T02:13:40.109Z - Received json message of type REQUEST_PROJECT_GRAPH
[NX v22.6.1 Daemon Server] - 2026-03-26T02:13:40.109Z - [REQUEST]: Client Request for Project Graph Received
[NX v22.6.1 Daemon Server] - 2026-03-26T02:13:40.109Z - Reusing in-memory cached project graph because no files changed.
[NX v22.6.1 Daemon Server] - 2026-03-26T02:13:40.109Z - Serializing response for REQUEST_PROJECT_GRAPH message in json mode
[NX v22.6.1 Daemon Server] - 2026-03-26T02:13:40.109Z - Responding to REQUEST_PROJECT_GRAPH message
[NX v22.6.1 Daemon Server] - 2026-03-26T02:13:40.109Z - [REQUEST]: Responding to the client. project-graph
[NX v22.6.1 Daemon Server] - 2026-03-26T02:13:40.109Z - Time taken for 'total for creating and serializing project graph' 0.11120899999514222ms
[NX v22.6.1 Daemon Server] - 2026-03-26T02:13:40.109Z - Done responding to the client project-graph
[NX v22.6.1 Daemon Server] - 2026-03-26T02:13:40.109Z - Handled json message REQUEST_PROJECT_GRAPH. Handling time: 0. Response time: 0.
[NX v22.6.1 Daemon Client] - 2026-03-26T02:13:40.109Z - [Messenger] Received message, length: 85974
[NX v22.6.1 Daemon Client] - 2026-03-26T02:13:40.111Z - [Messenger] Sending message type: PRE_TASKS_EXECUTION
[NX v22.6.1 Daemon Client] - 2026-03-26T02:13:40.111Z - [Messenger] Message sent
[NX v22.6.1 Daemon Server] - 2026-03-26T02:13:40.111Z - Received raw message of length 645
[NX v22.6.1 Daemon Server] - 2026-03-26T02:13:40.111Z - Received json message of type PRE_TASKS_EXECUTION
[NX v22.6.1 Daemon Server] - 2026-03-26T02:13:40.111Z - Serializing response for PRE_TASKS_EXECUTION message in json mode
[NX v22.6.1 Daemon Server] - 2026-03-26T02:13:40.111Z - Responding to PRE_TASKS_EXECUTION message
[NX v22.6.1 Daemon Server] - 2026-03-26T02:13:40.111Z - [REQUEST]: Responding to the client. handleRunPreTasksExecution
[NX v22.6.1 Daemon Server] - 2026-03-26T02:13:40.111Z - Done responding to the client handleRunPreTasksExecution
[NX v22.6.1 Daemon Server] - 2026-03-26T02:13:40.111Z - Handled json message PRE_TASKS_EXECUTION. Handling time: 0. Response time: 0.
[NX v22.6.1 Daemon Server] - 2026-03-26T02:13:40.111Z - Time taken for 'preTasksExecution' 0.06154199999582488ms
[NX v22.6.1 Daemon Client] - 2026-03-26T02:13:40.111Z - [Messenger] Received message, length: 2
[NX v22.6.1 Daemon Client] - 2026-03-26T02:13:40.142Z - [Messenger] Sending message type: HASH_TASKS
[NX v22.6.1 Daemon Client] - 2026-03-26T02:13:40.142Z - [Messenger] Message sent
[NX v22.6.1 Daemon Server] - 2026-03-26T02:13:40.142Z - Received raw message of length 4910
[NX v22.6.1 Daemon Server] - 2026-03-26T02:13:40.142Z - Received json message of type HASH_TASKS
[NX v22.6.1 Daemon Server] - 2026-03-26T02:13:40.142Z - Reusing in-memory cached project graph because no files changed.
DEBUG nx::native::tasks::hash_planner: get_plans_internal COMPLETED in 100.166µs - processed 1 tasks (setup: 84.25µs, parallel_planning: 14.5µs)
DEBUG nx::native::tasks::hashers::hash_workspace_files: Hashing workspace fileset with inputs: Adding "14342051801509693361" (".gitignore") to hash
DEBUG nx::native::tasks::hashers::hash_workspace_files: Hashing workspace fileset with inputs: Adding "1934198639429421327" ("nx.json") to hash
DEBUG nx::native::tasks::hashers::hash_workspace_files: Hashing workspace fileset with inputs: Hash Value: "4597908619324474778"
DEBUG nx::native::tasks::task_hasher: hash_plans COMPLETED in 423.458µs - processed 1 plans (setup: 38.708µs, hashing: 384.167µs, assembly: 12.708µs)
[NX v22.6.1 Daemon Server] - 2026-03-26T02:13:40.143Z - Serializing response for HASH_TASKS message in json mode
[NX v22.6.1 Daemon Server] - 2026-03-26T02:13:40.143Z - Responding to HASH_TASKS message
[NX v22.6.1 Daemon Server] - 2026-03-26T02:13:40.143Z - [REQUEST]: Responding to the client. handleHashTasks
[NX v22.6.1 Daemon Server] - 2026-03-26T02:13:40.143Z - Done responding to the client handleHashTasks
[NX v22.6.1 Daemon Server] - 2026-03-26T02:13:40.143Z - Handled json message HASH_TASKS. Handling time: 1. Response time: 0.
[NX v22.6.1 Daemon Client] - 2026-03-26T02:13:40.143Z - [Messenger] Received message, length: 609
[NX v22.6.1 Daemon Client] - 2026-03-26T02:13:40.277Z - [Messenger] Sending message type: GET_ESTIMATED_TASK_TIMINGS
[NX v22.6.1 Daemon Client] - 2026-03-26T02:13:40.277Z - [Messenger] Message sent
[NX v22.6.1 Daemon Server] - 2026-03-26T02:13:40.277Z - Received raw message of length 86
[NX v22.6.1 Daemon Server] - 2026-03-26T02:13:40.277Z - Received json message of type GET_ESTIMATED_TASK_TIMINGS
[NX v22.6.1 Daemon Server] - 2026-03-26T02:13:40.277Z - Serializing response for GET_ESTIMATED_TASK_TIMINGS message in json mode
[NX v22.6.1 Daemon Server] - 2026-03-26T02:13:40.277Z - Responding to GET_ESTIMATED_TASK_TIMINGS message
[NX v22.6.1 Daemon Server] - 2026-03-26T02:13:40.277Z - [REQUEST]: Responding to the client. handleGetEstimatedTaskTimings
[NX v22.6.1 Daemon Server] - 2026-03-26T02:13:40.277Z - Done responding to the client handleGetEstimatedTaskTimings
[NX v22.6.1 Daemon Server] - 2026-03-26T02:13:40.277Z - Handled json message GET_ESTIMATED_TASK_TIMINGS. Handling time: 0. Response time: 0.
[NX v22.6.1 Daemon Client] - 2026-03-26T02:13:40.277Z - [Messenger] Received message, length: 2
[NX v22.6.1 Daemon Client] - 2026-03-26T02:14:36.164Z - [Messenger] Sending message type: RECORD_OUTPUTS_HASH
[NX v22.6.1 Daemon Client] - 2026-03-26T02:14:36.165Z - [Messenger] Message sent
[NX v22.6.1 Daemon Server] - 2026-03-26T02:14:36.165Z - Received raw message of length 81
[NX v22.6.1 Daemon Server] - 2026-03-26T02:14:36.165Z - Received json message of type RECORD_OUTPUTS_HASH
[NX v22.6.1 Daemon Server] - 2026-03-26T02:14:36.165Z - Serializing response for RECORD_OUTPUTS_HASH message in json mode
[NX v22.6.1 Daemon Server] - 2026-03-26T02:14:36.165Z - Responding to RECORD_OUTPUTS_HASH message
[NX v22.6.1 Daemon Server] - 2026-03-26T02:14:36.165Z - [REQUEST]: Responding to the client. recordOutputsHash
[NX v22.6.1 Daemon Server] - 2026-03-26T02:14:36.165Z - Done responding to the client recordOutputsHash
[NX v22.6.1 Daemon Server] - 2026-03-26T02:14:36.165Z - Handled json message RECORD_OUTPUTS_HASH. Handling time: 0. Response time: 0.
[NX v22.6.1 Daemon Client] - 2026-03-26T02:14:36.165Z - [Messenger] Received message, length: 2
[NX v22.6.1 Daemon Client] - 2026-03-26T02:14:36.167Z - [Messenger] Sending message type: RECORD_TASK_RUNS
[NX v22.6.1 Daemon Client] - 2026-03-26T02:14:36.167Z - [Messenger] Message sent
[NX v22.6.1 Daemon Server] - 2026-03-26T02:14:36.167Z - Received raw message of length 204
[NX v22.6.1 Daemon Server] - 2026-03-26T02:14:36.167Z - Received json message of type RECORD_TASK_RUNS
[NX v22.6.1 Daemon Server] - 2026-03-26T02:14:36.167Z - Serializing response for RECORD_TASK_RUNS message in json mode
[NX v22.6.1 Daemon Server] - 2026-03-26T02:14:36.167Z - Responding to RECORD_TASK_RUNS message
[NX v22.6.1 Daemon Server] - 2026-03-26T02:14:36.167Z - [REQUEST]: Responding to the client. handleRecordTaskRuns
[NX v22.6.1 Daemon Server] - 2026-03-26T02:14:36.167Z - Done responding to the client handleRecordTaskRuns
[NX v22.6.1 Daemon Server] - 2026-03-26T02:14:36.167Z - Handled json message RECORD_TASK_RUNS. Handling time: 0. Response time: 0.
[NX v22.6.1 Daemon Client] - 2026-03-26T02:14:36.167Z - [Messenger] Received message, length: 4
[NX v22.6.1 Daemon Client] - 2026-03-26T02:14:36.168Z - [Messenger] Sending message type: GET_FLAKY_TASKS
[NX v22.6.1 Daemon Client] - 2026-03-26T02:14:36.168Z - [Messenger] Message sent
[NX v22.6.1 Daemon Server] - 2026-03-26T02:14:36.168Z - Received raw message of length 59
[NX v22.6.1 Daemon Server] - 2026-03-26T02:14:36.168Z - Received json message of type GET_FLAKY_TASKS
[NX v22.6.1 Daemon Server] - 2026-03-26T02:14:36.168Z - Serializing response for GET_FLAKY_TASKS message in json mode
[NX v22.6.1 Daemon Server] - 2026-03-26T02:14:36.168Z - Responding to GET_FLAKY_TASKS message
[NX v22.6.1 Daemon Server] - 2026-03-26T02:14:36.168Z - [REQUEST]: Responding to the client. handleGetFlakyTasks
[NX v22.6.1 Daemon Server] - 2026-03-26T02:14:36.168Z - Done responding to the client handleGetFlakyTasks
[NX v22.6.1 Daemon Server] - 2026-03-26T02:14:36.168Z - Handled json message GET_FLAKY_TASKS. Handling time: 0. Response time: 0.
[NX v22.6.1 Daemon Client] - 2026-03-26T02:14:36.168Z - [Messenger] Received message, length: 23
[NX v22.6.1 Daemon Server] - 2026-03-26T02:14:36.168Z - Established a connection. Number of open connections: 2
[NX v22.6.1 Daemon Client] - 2026-03-26T02:14:36.169Z - [Messenger] Sending message type: GET_CONFIGURE_AI_AGENTS_STATUS
[NX v22.6.1 Daemon Server] - 2026-03-26T02:14:36.169Z - Closed a connection. Number of open connections: 1
[NX v22.6.1 Daemon Client] - 2026-03-26T02:14:36.169Z - [Messenger] Message sent
[NX v22.6.1 Daemon Server] - 2026-03-26T02:14:36.169Z - Received raw message of length 41
[NX v22.6.1 Daemon Server] - 2026-03-26T02:14:36.169Z - Received json message of type GET_CONFIGURE_AI_AGENTS_STATUS
[NX v22.6.1 Daemon Server] - 2026-03-26T02:14:36.169Z - [AI-AGENTS]: Returning cached agent configuration status
[NX v22.6.1 Daemon Server] - 2026-03-26T02:14:36.169Z - Serializing response for GET_CONFIGURE_AI_AGENTS_STATUS message in json mode
[NX v22.6.1 Daemon Server] - 2026-03-26T02:14:36.169Z - Responding to GET_CONFIGURE_AI_AGENTS_STATUS message
[NX v22.6.1 Daemon Server] - 2026-03-26T02:14:36.169Z - [REQUEST]: Responding to the client. handleGetConfigureAiAgentsStatus
[NX v22.6.1 Daemon Server] - 2026-03-26T02:14:36.169Z - Done responding to the client handleGetConfigureAiAgentsStatus
[NX v22.6.1 Daemon Server] - 2026-03-26T02:14:36.169Z - Handled json message GET_CONFIGURE_AI_AGENTS_STATUS. Handling time: 0. Response time: 0.
[NX v22.6.1 Daemon Client] - 2026-03-26T02:14:36.169Z - [Messenger] Received message, length: 341
[NX v22.6.1 Daemon Client] - 2026-03-26T02:14:36.170Z - [Messenger] Sending message type: POST_TASKS_EXECUTION
[NX v22.6.1 Daemon Server] - 2026-03-26T02:14:36.170Z - Received raw message of length 4277
[NX v22.6.1 Daemon Client] - 2026-03-26T02:14:36.170Z - [Messenger] Message sent
[NX v22.6.1 Daemon Server] - 2026-03-26T02:14:36.170Z - Received json message of type POST_TASKS_EXECUTION
[NX v22.6.1 Daemon Server] - 2026-03-26T02:14:36.170Z - Serializing response for POST_TASKS_EXECUTION message in json mode
[NX v22.6.1 Daemon Server] - 2026-03-26T02:14:36.170Z - Responding to POST_TASKS_EXECUTION message
[NX v22.6.1 Daemon Server] - 2026-03-26T02:14:36.170Z - [REQUEST]: Responding to the client. handleRunPostTasksExecution
[NX v22.6.1 Daemon Server] - 2026-03-26T02:14:36.170Z - Done responding to the client handleRunPostTasksExecution
[NX v22.6.1 Daemon Server] - 2026-03-26T02:14:36.170Z - Handled json message POST_TASKS_EXECUTION. Handling time: 0. Response time: 0.
[NX v22.6.1 Daemon Client] - 2026-03-26T02:14:36.170Z - [Messenger] Received message, length: 4
[NX v22.6.1 Daemon Server] - 2026-03-26T02:14:36.170Z - Time taken for 'postTasksExecution' 0.05491599999368191ms
[NX v22.6.1 Daemon Server] - 2026-03-26T02:14:36.174Z - Closed a connection. Number of open connections: 0
[NX v22.6.1 Daemon Server] - 2026-03-26T02:15:14.584Z - [WATCHER]: Processing file changes in outputs
[NX v22.6.1 Daemon Server] - 2026-03-26T02:15:17.645Z - [Server] lock file hash changed! old=17256151023058440077, new=8062669700762785872
[NX v22.6.1 Daemon Server] - 2026-03-26T02:15:17.645Z - [Server] Daemon outdated: LOCK_FILES_CHANGED
[NX v22.6.1 Daemon Server] - 2026-03-26T02:15:17.645Z - [Server] Restarting daemon...
[NX v22.6.1 Daemon Server] - 2026-03-26T02:15:17.646Z - Restarting daemon with script: /Users/michael/Development/mantle/node_modules/nx/src/daemon/server/start.js
[NX v22.6.1 Daemon Server] - 2026-03-26T02:15:17.646Z - Old daemon __dirname: /Users/michael/Development/mantle/node_modules/nx/src/daemon/server
[NX v22.6.1 Daemon Server] - 2026-03-26T02:15:17.646Z - Current process.execPath: /opt/homebrew/Cellar/node/25.6.1_1/bin/node
[NX v22.6.1 Daemon Server] - 2026-03-26T02:15:17.647Z - Started new daemon process in background
[NX v22.6.1 Daemon Server] - 2026-03-26T02:15:17.647Z - [WATCHER]: Stopping the watcher for /Users/michael/Development/mantle (sources)
[NX v22.6.1 Daemon Server] - 2026-03-26T02:15:17.647Z - [WATCHER]: Stopping the watcher for /Users/michael/Development/mantle (outputs)
[NX v22.6.1 Daemon Server] - 2026-03-26T02:15:17.648Z - [LATEST-NX]: Cleaning up latest Nx installation from /private/var/folders/wl/k4ckm7q14z56m12kkr2j0r100000gn/T/tmp-33315-Mmt49CctpL2U
[NX v22.6.1 Daemon Server] - 2026-03-26T02:15:17.648Z - Server stopped because: "LOCK_FILES_CHANGED"
[NX v22.6.1 Daemon Server] - 2026-03-26T02:15:17.914Z - New daemon starting from: /Users/michael/Development/mantle/node_modules/nx/src/daemon/server/server.js
[NX v22.6.1 Daemon Server] - 2026-03-26T02:15:17.915Z - New daemon __dirname: /Users/michael/Development/mantle/node_modules/nx/src/daemon/server
[NX v22.6.1 Daemon Server] - 2026-03-26T02:15:17.915Z - New daemon nxVersion: 22.6.1
[NX v22.6.1 Daemon Server] - 2026-03-26T02:15:17.915Z - New daemon getInstalledNxVersion(): 22.6.1
[NX v22.6.1 Daemon Server] - 2026-03-26T02:15:17.916Z - Time taken for 'workspace context init' 0.28187500000001364ms
[NX v22.6.1 Daemon Server] - 2026-03-26T02:15:17.916Z - [Server] Starting outdated check interval (20ms)
[NX v22.6.1 Daemon Server] - 2026-03-26T02:15:17.918Z - Started listening on: /private/var/folders/wl/k4ckm7q14z56m12kkr2j0r100000gn/T/12302ce33750868d2f30/d.sock
[NX v22.6.1 Daemon Server] - 2026-03-26T02:15:17.918Z - [WATCHER]: Subscribed to changes within: /Users/michael/Development/mantle (native)
[NX v22.6.1 Daemon Server] - 2026-03-26T02:15:17.919Z - [LATEST-NX]: Pulling latest Nx...
Fetching nx...
[NX v22.6.1 Daemon Server] - 2026-03-26T02:15:17.930Z - [AI-AGENTS]: Starting agent configuration status computation
[NX v22.6.1 Daemon Server] - 2026-03-26T02:15:18.022Z - Time taken for 'loadSpecifiedNxPlugins' 2.1788340000000517ms
[NX v22.6.1 Daemon Server] - 2026-03-26T02:15:18.164Z - [WATCHER]: Processing file changes in outputs
[NX v22.6.1 Daemon Server] - 2026-03-26T02:15:18.165Z - [WATCHER]: 1 file(s) created or restored, 1 file(s) modified, 0 file(s) deleted
[NX v22.6.1 Daemon Server] - 2026-03-26T02:15:18.165Z - [SYNC]: clearing sync generators cache due to file changes
Time taken for 'plugin worker 36167 code loading' 106.645959ms
Time taken for 'plugin worker 36168 code loading' 107.99725000000001ms
Time taken for 'plugin worker 36169 code loading' 107.425417ms
[NX v22.6.1 Daemon Server] - 2026-03-26T02:15:18.189Z - [LATEST-NX]: Successfully pulled latest Nx to /private/var/folders/wl/k4ckm7q14z56m12kkr2j0r100000gn/T/tmp-36159-OXdZJv6YFNh0
[NX v22.6.1 Daemon Server] - 2026-03-26T02:15:18.294Z - [NX-CONSOLE]: Using local implementation (NX_USE_LOCAL=true or inner call)
DEBUG nx::native::ide::install: Detected editor: Unknown
[NX v22.6.1 Daemon Server] - 2026-03-26T02:15:18.294Z - Time taken for 'start-plugin-worker:/Users/michael/Development/mantle/node_modules/nx/src/plugins/js' 169.230458ms
[NX v22.6.1 Daemon Server] - 2026-03-26T02:15:18.294Z - Time taken for 'start-plugin-worker:/Users/michael/Development/mantle/node_modules/nx/src/plugins/package-json' 168.597583ms
[NX v22.6.1 Daemon Server] - 2026-03-26T02:15:18.294Z - Time taken for 'start-plugin-worker:/Users/michael/Development/mantle/node_modules/nx/src/plugins/project-json/build-nodes/project-json' 168.12404099999998ms
[NX v22.6.1 Daemon Server] - 2026-03-26T02:15:18.294Z - [NX-CONSOLE]: Console status check completed, shouldPrompt: false
[NX v22.6.1 Daemon Server] - 2026-03-26T02:15:18.295Z - [REQUEST]: Updated workspace context based on watched changes, recomputing project graph...
[NX v22.6.1 Daemon Server] - 2026-03-26T02:15:18.295Z - [REQUEST]: .changeset/config.json,.changeset/README.md
[NX v22.6.1 Daemon Server] - 2026-03-26T02:15:18.295Z - [REQUEST]: 
[NX v22.6.1 Daemon Server] - 2026-03-26T02:15:18.296Z - [REQUEST]: Updated workspace context based on watched changes, recomputing project graph...
[NX v22.6.1 Daemon Server] - 2026-03-26T02:15:18.296Z - [REQUEST]: .changeset/config.json,.changeset/README.md
[NX v22.6.1 Daemon Server] - 2026-03-26T02:15:18.296Z - [REQUEST]: 
[NX v22.6.1 Daemon Server] - 2026-03-26T02:15:18.300Z - Time taken for 'loadDefaultNxPlugins' 276.1295ms
[NX v22.6.1 Daemon Server] - 2026-03-26T02:15:18.300Z - Time taken for 'Load Nx Plugin: /Users/michael/Development/mantle/node_modules/nx/src/plugins/js' 275.93645799999996ms
[NX v22.6.1 Daemon Server] - 2026-03-26T02:15:18.300Z - Time taken for 'Load Nx Plugin: /Users/michael/Development/mantle/node_modules/nx/src/plugins/package-json' 275.69537500000007ms
[NX v22.6.1 Daemon Server] - 2026-03-26T02:15:18.300Z - Time taken for 'Load Nx Plugin: /Users/michael/Development/mantle/node_modules/nx/src/plugins/project-json/build-nodes/project-json' 275.68020899999993ms
[NX v22.6.1 Daemon Server] - 2026-03-26T02:15:18.300Z - Time taken for 'hash changed files from watcher' 0.2898330000000442ms
[NX v22.6.1 Daemon Server] - 2026-03-26T02:15:18.300Z - Time taken for 'hash changed files from watcher' 0.32083399999999074ms
Time taken for 'nx/core/project-json:createNodes' 0.3837920000000281ms
Time taken for 'nx/core/project-json:createNodes' 0.12199999999995725ms
Time taken for 'nx/core/package-json:createNodes' 1.473792000000003ms
Time taken for 'nx/js/dependencies-and-lockfile:createNodes' 5.729208999999969ms
Time taken for 'nx/js/dependencies-and-lockfile:createNodes' 0.6792920000000322ms
[NX v22.6.1 Daemon Server] - 2026-03-26T02:15:18.311Z - Time taken for 'build-project-configs' 11.255333000000064ms
[NX v22.6.1 Daemon Server] - 2026-03-26T02:15:18.311Z - Time taken for 'createNodes:merge' 2.552415999999994ms
[NX v22.6.1 Daemon Server] - 2026-03-26T02:15:18.322Z - Time taken for 'build-project-configs' 12.338291000000027ms
[NX v22.6.1 Daemon Server] - 2026-03-26T02:15:18.322Z - Time taken for 'createNodes:merge' 0.34741699999995035ms
[NX v22.6.1 Daemon Server] - 2026-03-26T02:15:18.322Z - Time taken for 'native-file-deps' 0.0038749999999936335ms
[NX v22.6.1 Daemon Server] - 2026-03-26T02:15:18.322Z - Time taken for 'get-workspace-files' 0.4686669999999822ms
[NX v22.6.1 Daemon Server] - 2026-03-26T02:15:18.322Z - Time taken for 'get-all-workspace-files' 0.11858299999994415ms
[NX v22.6.1 Daemon Server] - 2026-03-26T02:15:18.322Z - Time taken for 'read cache' 0.169208000000026ms
Time taken for 'build typescript dependencies' 3.9992920000000254ms
[NX v22.6.1 Daemon Server] - 2026-03-26T02:15:18.342Z - [SYNC]: collect registered sync generators
[NX v22.6.1 Daemon Server] - 2026-03-26T02:15:18.343Z - [SYNC]: collect registered sync generators
[NX v22.6.1 Daemon Server] - 2026-03-26T02:15:18.343Z - [SYNC]: project graph hash is the same, not collecting task sync generators
[NX v22.6.1 Daemon Server] - 2026-03-26T02:15:18.343Z - [SYNC]: nx.json hash is the same, not collecting global sync generators
[NX v22.6.1 Daemon Server] - 2026-03-26T02:15:18.343Z - Time taken for 'total execution time for createProjectGraph()' 22.228792ms
[NX v22.6.1 Daemon Server] - 2026-03-26T02:15:18.343Z - Time taken for 'createDependencies' 20.255124999999907ms
[NX v22.6.1 Daemon Server] - 2026-03-26T02:15:18.343Z - Time taken for 'nx/js/dependencies-and-lockfile:createDependencies' 20.178291999999942ms
[NX v22.6.1 Daemon Server] - 2026-03-26T02:15:18.343Z - Time taken for 'createMetadata' 0.016833000000019638ms
[NX v22.6.1 Daemon Server] - 2026-03-26T02:15:18.343Z - Time taken for 'serialize graph' 0.3083750000000691ms
DEBUG nx::native::ide::install: Editor command 'code' is installed
DEBUG nx::native::ide::install: Editor command 'code-insiders' not found
DEBUG nx::native::ide::install: Checking if Nx Console extension is installed with: code --list-extensions
DEBUG nx::native::ide::install: Nx Console extension is installed
DEBUG nx::native::ide::install: Editor command 'cursor' not found
DEBUG nx::native::ide::install: Checking if Nx Console extension is installed with: cursor --list-extensions
DEBUG nx::native::ide::install: Command 'cursor' not found, cannot check extension status
[NX v22.6.1 Daemon Server] - 2026-03-26T02:15:18.922Z - [AI-AGENTS]: Agent configuration status computation completed: 0 fully configured, 0 outdated, 2 partially configured, 3 non-configured
[NX v22.6.1 Daemon Server] - 2026-03-26T02:15:30.515Z - [WATCHER]: 1 file(s) created or restored, 0 file(s) modified, 1 file(s) deleted
[NX v22.6.1 Daemon Server] - 2026-03-26T02:15:30.515Z - [SYNC]: clearing sync generators cache due to file changes
[NX v22.6.1 Daemon Server] - 2026-03-26T02:15:30.515Z - [WATCHER]: Processing file changes in outputs
[NX v22.6.1 Daemon Server] - 2026-03-26T02:15:30.615Z - [REQUEST]: Updated workspace context based on watched changes, recomputing project graph...
[NX v22.6.1 Daemon Server] - 2026-03-26T02:15:30.616Z - [REQUEST]: .changeset/config.json
[NX v22.6.1 Daemon Server] - 2026-03-26T02:15:30.616Z - [REQUEST]: .changeset/config.json.tmp.55640.1774491330456
[NX v22.6.1 Daemon Server] - 2026-03-26T02:15:30.618Z - Time taken for 'hash changed files from watcher' 0.26037499999983993ms
Time taken for 'plugin worker 36363 code loading' 84.602792ms
Time taken for 'plugin worker 36362 code loading' 84.802917ms
Time taken for 'plugin worker 36364 code loading' 84.41666599999999ms
[NX v22.6.1 Daemon Server] - 2026-03-26T02:15:30.771Z - Time taken for 'start-plugin-worker:nx/js/dependencies-and-lockfile' 154.96933300000092ms
[NX v22.6.1 Daemon Server] - 2026-03-26T02:15:30.771Z - Time taken for 'start-plugin-worker:nx/core/package-json' 154.08150000000023ms
[NX v22.6.1 Daemon Server] - 2026-03-26T02:15:30.771Z - Time taken for 'start-plugin-worker:nx/core/project-json' 153.61924999999974ms
Time taken for 'nx/js/dependencies-and-lockfile:createNodes' 1.3807500000000061ms
[NX v22.6.1 Daemon Server] - 2026-03-26T02:15:30.785Z - Time taken for 'build-project-configs' 167.26520899999923ms
[NX v22.6.1 Daemon Server] - 2026-03-26T02:15:30.785Z - Time taken for 'createNodes:merge' 0.3260840000002645ms
[NX v22.6.1 Daemon Server] - 2026-03-26T02:15:30.785Z - Time taken for 'get-all-workspace-files' 0.09495900000001711ms
Time taken for 'build typescript dependencies' 0.06779199999999719ms
[NX v22.6.1 Daemon Server] - 2026-03-26T02:15:30.788Z - [SYNC]: collect registered sync generators
[NX v22.6.1 Daemon Server] - 2026-03-26T02:15:30.788Z - [SYNC]: project graph hash is the same, not collecting task sync generators
[NX v22.6.1 Daemon Server] - 2026-03-26T02:15:30.788Z - [SYNC]: nx.json hash is the same, not collecting global sync generators
[NX v22.6.1 Daemon Server] - 2026-03-26T02:15:30.788Z - Time taken for 'total execution time for createProjectGraph()' 3.798624999999447ms
[NX v22.6.1 Daemon Server] - 2026-03-26T02:15:30.788Z - Time taken for 'createDependencies' 2.59362499999952ms
[NX v22.6.1 Daemon Server] - 2026-03-26T02:15:30.788Z - Time taken for 'nx/js/dependencies-and-lockfile:createDependencies' 2.5479580000010174ms
[NX v22.6.1 Daemon Server] - 2026-03-26T02:15:30.788Z - Time taken for 'createMetadata' 0.011083000001235632ms
[NX v22.6.1 Daemon Server] - 2026-03-26T02:15:30.788Z - Time taken for 'serialize graph' 0.3997080000008282ms
[NX v22.6.1 Daemon Server] - 2026-03-26T02:15:37.840Z - [WATCHER]: 1 file(s) created or restored, 0 file(s) modified, 1 file(s) deleted
[NX v22.6.1 Daemon Server] - 2026-03-26T02:15:37.840Z - [SYNC]: clearing sync generators cache due to file changes
[NX v22.6.1 Daemon Server] - 2026-03-26T02:15:37.840Z - [WATCHER]: Processing file changes in outputs
[NX v22.6.1 Daemon Server] - 2026-03-26T02:15:37.942Z - [REQUEST]: Updated workspace context based on watched changes, recomputing project graph...
[NX v22.6.1 Daemon Server] - 2026-03-26T02:15:37.942Z - [REQUEST]: package.json
[NX v22.6.1 Daemon Server] - 2026-03-26T02:15:37.942Z - [REQUEST]: package.json.tmp.55640.1774491337777
[NX v22.6.1 Daemon Server] - 2026-03-26T02:15:37.945Z - Time taken for 'hash changed files from watcher' 0.27537499999743886ms
Time taken for 'plugin worker 36391 code loading' 84.005208ms
Time taken for 'plugin worker 36392 code loading' 82.96362500000001ms
Time taken for 'plugin worker 36393 code loading' 81.83800000000001ms
[NX v22.6.1 Daemon Server] - 2026-03-26T02:15:38.090Z - Time taken for 'start-plugin-worker:nx/js/dependencies-and-lockfile' 147.12316700000156ms
[NX v22.6.1 Daemon Server] - 2026-03-26T02:15:38.090Z - Time taken for 'start-plugin-worker:nx/core/package-json' 146.3577499999992ms
[NX v22.6.1 Daemon Server] - 2026-03-26T02:15:38.090Z - Time taken for 'start-plugin-worker:nx/core/project-json' 145.65716600000087ms
Time taken for 'nx/js/dependencies-and-lockfile:createNodes' 1.5853340000000173ms
[NX v22.6.1 Daemon Server] - 2026-03-26T02:15:38.101Z - Time taken for 'build-project-configs' 157.11562500000218ms
[NX v22.6.1 Daemon Server] - 2026-03-26T02:15:38.101Z - Time taken for 'createNodes:merge' 0.31595799999922747ms
[NX v22.6.1 Daemon Server] - 2026-03-26T02:15:38.101Z - Time taken for 'get-all-workspace-files' 0.05829199999789125ms
Time taken for 'build typescript dependencies' 0.06083399999999983ms
[NX v22.6.1 Daemon Server] - 2026-03-26T02:15:38.104Z - [SYNC]: collect registered sync generators
[NX v22.6.1 Daemon Server] - 2026-03-26T02:15:38.104Z - [SYNC]: project graph hash is the same, not collecting task sync generators
[NX v22.6.1 Daemon Server] - 2026-03-26T02:15:38.104Z - [SYNC]: nx.json hash is the same, not collecting global sync generators
[NX v22.6.1 Daemon Server] - 2026-03-26T02:15:38.104Z - Time taken for 'total execution time for createProjectGraph()' 3.2585000000035507ms
[NX v22.6.1 Daemon Server] - 2026-03-26T02:15:38.104Z - Time taken for 'createDependencies' 2.2866250000006403ms
[NX v22.6.1 Daemon Server] - 2026-03-26T02:15:38.104Z - Time taken for 'nx/js/dependencies-and-lockfile:createDependencies' 2.2543749999967986ms
[NX v22.6.1 Daemon Server] - 2026-03-26T02:15:38.104Z - Time taken for 'createMetadata' 0.013499999997293344ms
[NX v22.6.1 Daemon Server] - 2026-03-26T02:15:38.104Z - Time taken for 'serialize graph' 0.29741700000158744ms
